<?xml version="1.0" encoding="UTF-8"?>
<!-- Generated by org.testng.reporters.JUnitReportReporter -->
<testsuite hostname="DESKTOP-UPV85MT" failures="0" tests="8" name="Assessment.TestCases" time="191.789" errors="0" timestamp="2021-01-22T17:26:35 SAST" skipped="0">
  <testcase classname="Assessment.TestCases" name="TC1" time="24.043"/>
  <system-out/>
  <testcase classname="Assessment.TestCases" name="TC3" time="16.388"/>
  <system-out/>
  <testcase classname="Assessment.TestCases" name="TC6_Tshirts" time="16.860"/>
  <system-out/>
  <testcase classname="Assessment.TestCases" name="TC6_Women" time="25.948"/>
  <system-out/>
  <testcase classname="Assessment.TestCases" name="TC5" time="34.803"/>
  <system-out/>
  <testcase classname="Assessment.TestCases" name="TC4" time="21.657"/>
  <system-out/>
  <testcase classname="Assessment.TestCases" name="TC2" time="28.368"/>
  <system-out/>
  <testcase classname="Assessment.TestCases" name="TC6_Dresses" time="23.722"/>
  <system-out/>
</testsuite> <!-- Assessment.TestCases -->
