<?xml version="1.0" encoding="UTF-8"?>
<!-- Generated by org.testng.reporters.JUnitReportReporter -->
<testsuite hostname="DESKTOP-UPV85MT" failures="0" tests="1" name="Assessment.HomePage" time="83.329" errors="0" timestamp="2021-01-18T16:35:01 SAST" skipped="0">
  <testcase classname="Assessment.HomePage" name="basePageNavigation" time="83.329"/>
  <system-out/>
</testsuite> <!-- Assessment.HomePage -->
